C:\USERS\NETHOLIK\DOCUMENTS\VISUAL STUDIO 2010\PROJECTS\OPENCV SAMPLE\DEBUG\SAMPLE 3.EXE
C:\USERS\NETHOLIK\DOCUMENTS\VISUAL STUDIO 2010\PROJECTS\OPENCV SAMPLE\DEBUG\SAMPLE 3.ILK
C:\USERS\NETHOLIK\DOCUMENTS\VISUAL STUDIO 2010\PROJECTS\OPENCV SAMPLE\DEBUG\SAMPLE 3.PDB
C:\Users\netholik\Documents\Visual Studio 2010\Projects\OpenCV sample\Sample 3\Debug\cl.command.1.tlog
C:\Users\netholik\Documents\Visual Studio 2010\Projects\OpenCV sample\Sample 3\Debug\CL.read.1.tlog
C:\Users\netholik\Documents\Visual Studio 2010\Projects\OpenCV sample\Sample 3\Debug\CL.write.1.tlog
C:\Users\netholik\Documents\Visual Studio 2010\Projects\OpenCV sample\Sample 3\Debug\link.2392.read.1.tlog
C:\Users\netholik\Documents\Visual Studio 2010\Projects\OpenCV sample\Sample 3\Debug\link.2392.write.1.tlog
C:\Users\netholik\Documents\Visual Studio 2010\Projects\OpenCV sample\Sample 3\Debug\link.2392-cvtres.read.1.tlog
C:\Users\netholik\Documents\Visual Studio 2010\Projects\OpenCV sample\Sample 3\Debug\link.2392-cvtres.write.1.tlog
C:\Users\netholik\Documents\Visual Studio 2010\Projects\OpenCV sample\Sample 3\Debug\link.4564.read.1.tlog
C:\Users\netholik\Documents\Visual Studio 2010\Projects\OpenCV sample\Sample 3\Debug\link.4564.write.1.tlog
C:\Users\netholik\Documents\Visual Studio 2010\Projects\OpenCV sample\Sample 3\Debug\link.4564-cvtres.read.1.tlog
C:\Users\netholik\Documents\Visual Studio 2010\Projects\OpenCV sample\Sample 3\Debug\link.4564-cvtres.write.1.tlog
C:\Users\netholik\Documents\Visual Studio 2010\Projects\OpenCV sample\Sample 3\Debug\link.command.1.tlog
C:\Users\netholik\Documents\Visual Studio 2010\Projects\OpenCV sample\Sample 3\Debug\link.read.1.tlog
C:\Users\netholik\Documents\Visual Studio 2010\Projects\OpenCV sample\Sample 3\Debug\link.write.1.tlog
C:\Users\netholik\Documents\Visual Studio 2010\Projects\OpenCV sample\Sample 3\Debug\link-cvtres.read.1.tlog
C:\Users\netholik\Documents\Visual Studio 2010\Projects\OpenCV sample\Sample 3\Debug\link-cvtres.write.1.tlog
C:\Users\netholik\Documents\Visual Studio 2010\Projects\OpenCV sample\Sample 3\Debug\mt.command.1.tlog
C:\Users\netholik\Documents\Visual Studio 2010\Projects\OpenCV sample\Sample 3\Debug\mt.read.1.tlog
C:\Users\netholik\Documents\Visual Studio 2010\Projects\OpenCV sample\Sample 3\Debug\mt.write.1.tlog
C:\Users\netholik\Documents\Visual Studio 2010\Projects\OpenCV sample\Sample 3\Debug\rc.command.1.tlog
C:\Users\netholik\Documents\Visual Studio 2010\Projects\OpenCV sample\Sample 3\Debug\rc.read.1.tlog
C:\Users\netholik\Documents\Visual Studio 2010\Projects\OpenCV sample\Sample 3\Debug\rc.write.1.tlog
C:\USERS\NETHOLIK\DOCUMENTS\VISUAL STUDIO 2010\PROJECTS\OPENCV SAMPLE\SAMPLE 3\DEBUG\SAMPLE 3.EXE.EMBED.MANIFEST
C:\USERS\NETHOLIK\DOCUMENTS\VISUAL STUDIO 2010\PROJECTS\OPENCV SAMPLE\SAMPLE 3\DEBUG\SAMPLE 3.EXE.EMBED.MANIFEST.RES
C:\USERS\NETHOLIK\DOCUMENTS\VISUAL STUDIO 2010\PROJECTS\OPENCV SAMPLE\SAMPLE 3\DEBUG\SAMPLE 3.EXE.INTERMEDIATE.MANIFEST
C:\USERS\NETHOLIK\DOCUMENTS\VISUAL STUDIO 2010\PROJECTS\OPENCV SAMPLE\SAMPLE 3\DEBUG\SAMPLE 3.OBJ
C:\USERS\NETHOLIK\DOCUMENTS\VISUAL STUDIO 2010\PROJECTS\OPENCV SAMPLE\SAMPLE 3\DEBUG\SAMPLE 3.PCH
C:\Users\netholik\Documents\Visual Studio 2010\Projects\OpenCV sample\Sample 3\Debug\Sample 3_manifest.rc
C:\USERS\NETHOLIK\DOCUMENTS\VISUAL STUDIO 2010\PROJECTS\OPENCV SAMPLE\SAMPLE 3\DEBUG\STDAFX.OBJ
C:\Users\netholik\Documents\Visual Studio 2010\Projects\OpenCV sample\Sample 3\Debug\vc100.idb
C:\USERS\NETHOLIK\DOCUMENTS\VISUAL STUDIO 2010\PROJECTS\OPENCV SAMPLE\SAMPLE 3\DEBUG\VC100.PDB
