Build started 2011-05-26 15:41:22.
     1>Project "C:\Users\netholik\documents\visual studio 2010\Projects\OpenCV sample\Sample 3\Sample 3.vcxproj" on node 3 (build target(s)).
     1>InitializeBuildStatus:
         Creating "Release\Sample 3.unsuccessfulbuild" because "AlwaysCreate" was specified.
       ClCompile:
         C:\Program Files (x86)\Microsoft Visual Studio 10.0\VC\bin\CL.exe /c /Zi /nologo /W3 /WX- /O2 /Oi /Oy- /GL /D WIN32 /D NDEBUG /D _CONSOLE /D _UNICODE /D UNICODE /Gm- /EHsc /MD /GS /Gy /fp:precise /Zc:wchar_t /Zc:forScope /Yc"StdAfx.h" /Fp"Release\Sample 3.pch" /Fo"Release\\" /Fd"Release\vc100.pdb" /Gd /TP /analyze- /errorReport:prompt stdafx.cpp
         stdafx.cpp
         C:\Program Files (x86)\Microsoft Visual Studio 10.0\VC\bin\CL.exe /c /Zi /nologo /W3 /WX- /O2 /Oi /Oy- /GL /D WIN32 /D NDEBUG /D _CONSOLE /D _UNICODE /D UNICODE /Gm- /EHsc /MD /GS /Gy /fp:precise /Zc:wchar_t /Zc:forScope /Yu"StdAfx.h" /Fp"Release\Sample 3.pch" /Fo"Release\\" /Fd"Release\vc100.pdb" /Gd /TP /analyze- /errorReport:prompt "Sample 3.cpp"
         Sample 3.cpp
       Link:
         C:\Program Files (x86)\Microsoft Visual Studio 10.0\VC\bin\link.exe /ERRORREPORT:PROMPT /OUT:"C:\Users\netholik\documents\visual studio 2010\Projects\OpenCV sample\Release\Sample 3.exe" /INCREMENTAL:NO /NOLOGO kernel32.lib user32.lib gdi32.lib winspool.lib comdlg32.lib advapi32.lib shell32.lib ole32.lib oleaut32.lib uuid.lib odbc32.lib odbccp32.lib /MANIFEST /ManifestFile:"Release\Sample 3.exe.intermediate.manifest" /MANIFESTUAC:"level='asInvoker' uiAccess='false'" /DEBUG /PDB:"C:\Users\netholik\documents\visual studio 2010\Projects\OpenCV sample\Release\Sample 3.pdb" /SUBSYSTEM:CONSOLE /OPT:REF /OPT:ICF /LTCG /TLBID:1 /DYNAMICBASE /NXCOMPAT /IMPLIB:"C:\Users\netholik\documents\visual studio 2010\Projects\OpenCV sample\Release\Sample 3.lib" /MACHINE:X86 "Release\Sample 3.obj"
         Release\stdafx.obj
         Generating code
         Finished generating code
         Sample 3.vcxproj -> C:\Users\netholik\documents\visual studio 2010\Projects\OpenCV sample\Release\Sample 3.exe
       Manifest:
         C:\Program Files (x86)\Microsoft SDKs\Windows\v7.0A\bin\mt.exe /nologo /verbose /outputresource:"C:\Users\netholik\documents\visual studio 2010\Projects\OpenCV sample\Release\Sample 3.exe;#1" /manifest "Release\Sample 3.exe.intermediate.manifest"
       FinalizeBuildStatus:
         Deleting file "Release\Sample 3.unsuccessfulbuild".
         Touching "Release\Sample 3.lastbuildstate".
     1>Done Building Project "C:\Users\netholik\documents\visual studio 2010\Projects\OpenCV sample\Sample 3\Sample 3.vcxproj" (build target(s)).

Build succeeded.

Time Elapsed 00:00:01.55
