C:\Users\fp\Documents\Visual Studio 2010\Projects\MastersThesis\Debug\FacialFeatures.pdb
C:\Users\fp\Documents\Visual Studio 2010\Projects\MastersThesis\FacialFeatures\Debug\cl.command.1.tlog
C:\Users\fp\Documents\Visual Studio 2010\Projects\MastersThesis\FacialFeatures\Debug\CL.read.1.tlog
C:\Users\fp\Documents\Visual Studio 2010\Projects\MastersThesis\FacialFeatures\Debug\CL.write.1.tlog
C:\USERS\FP\DOCUMENTS\VISUAL STUDIO 2010\PROJECTS\MASTERSTHESIS\FACIALFEATURES\DEBUG\FACIALFEATURES.EXE.EMBED.MANIFEST
C:\USERS\FP\DOCUMENTS\VISUAL STUDIO 2010\PROJECTS\MASTERSTHESIS\FACIALFEATURES\DEBUG\FACIALFEATURES.EXE.EMBED.MANIFEST.RES
C:\Users\fp\Documents\Visual Studio 2010\Projects\MastersThesis\FacialFeatures\Debug\FacialFeatures.exe.intermediate.manifest
C:\USERS\FP\DOCUMENTS\VISUAL STUDIO 2010\PROJECTS\MASTERSTHESIS\FACIALFEATURES\DEBUG\FACIALFEATURES.OBJ
C:\Users\fp\Documents\Visual Studio 2010\Projects\MastersThesis\FacialFeatures\Debug\FacialFeatures_manifest.rc
C:\Users\fp\Documents\Visual Studio 2010\Projects\MastersThesis\FacialFeatures\Debug\link.4432.read.1.tlog
C:\Users\fp\Documents\Visual Studio 2010\Projects\MastersThesis\FacialFeatures\Debug\link.4432.write.1.tlog
C:\Users\fp\Documents\Visual Studio 2010\Projects\MastersThesis\FacialFeatures\Debug\link.4432-cvtres.read.1.tlog
C:\Users\fp\Documents\Visual Studio 2010\Projects\MastersThesis\FacialFeatures\Debug\link.4432-cvtres.write.1.tlog
C:\Users\fp\Documents\Visual Studio 2010\Projects\MastersThesis\FacialFeatures\Debug\link.5356.read.1.tlog
C:\Users\fp\Documents\Visual Studio 2010\Projects\MastersThesis\FacialFeatures\Debug\link.5356.write.1.tlog
C:\Users\fp\Documents\Visual Studio 2010\Projects\MastersThesis\FacialFeatures\Debug\link.5356-cvtres.read.1.tlog
C:\Users\fp\Documents\Visual Studio 2010\Projects\MastersThesis\FacialFeatures\Debug\link.5356-cvtres.write.1.tlog
C:\Users\fp\Documents\Visual Studio 2010\Projects\MastersThesis\FacialFeatures\Debug\link.command.1.tlog
C:\Users\fp\Documents\Visual Studio 2010\Projects\MastersThesis\FacialFeatures\Debug\link.read.1.tlog
C:\Users\fp\Documents\Visual Studio 2010\Projects\MastersThesis\FacialFeatures\Debug\link.write.1.tlog
C:\Users\fp\Documents\Visual Studio 2010\Projects\MastersThesis\FacialFeatures\Debug\link-cvtres.read.1.tlog
C:\Users\fp\Documents\Visual Studio 2010\Projects\MastersThesis\FacialFeatures\Debug\link-cvtres.write.1.tlog
C:\Users\fp\Documents\Visual Studio 2010\Projects\MastersThesis\FacialFeatures\Debug\mt.command.1.tlog
C:\Users\fp\Documents\Visual Studio 2010\Projects\MastersThesis\FacialFeatures\Debug\mt.read.1.tlog
C:\Users\fp\Documents\Visual Studio 2010\Projects\MastersThesis\FacialFeatures\Debug\mt.write.1.tlog
C:\Users\fp\Documents\Visual Studio 2010\Projects\MastersThesis\FacialFeatures\Debug\rc.command.1.tlog
C:\Users\fp\Documents\Visual Studio 2010\Projects\MastersThesis\FacialFeatures\Debug\rc.read.1.tlog
C:\Users\fp\Documents\Visual Studio 2010\Projects\MastersThesis\FacialFeatures\Debug\rc.write.1.tlog
C:\Users\fp\Documents\Visual Studio 2010\Projects\MastersThesis\FacialFeatures\Debug\vc100.idb
C:\USERS\FP\DOCUMENTS\VISUAL STUDIO 2010\PROJECTS\MASTERSTHESIS\FACIALFEATURES\DEBUG\VC100.PDB
