Build started 10/09/2011 20:27:41.
     1>Project "C:\Users\fp\Documents\Visual Studio 2010\Projects\MastersThesis\FacialFeatures\FacialFeatures.vcxproj" on node 2 (build target(s)).
     1>InitializeBuildStatus:
         Creating "Debug\FacialFeatures.unsuccessfulbuild" because "AlwaysCreate" was specified.
       ClCompile:
         C:\Program Files (x86)\Microsoft Visual Studio 10.0\VC\bin\CL.exe /c /ID:\OpenCV\\src\opencv\include /ZI /nologo /W3 /WX- /Od /Oy- /D WIN32 /D _DEBUG /D _CONSOLE /D _UNICODE /D UNICODE /Gm /EHsc /RTC1 /MDd /GS /fp:precise /Zc:wchar_t /Zc:forScope /Fo"Debug\\" /Fd"Debug\vc100.pdb" /Gd /TP /analyze- /errorReport:prompt FacialFeatures.cpp
         FacialFeatures.cpp
     1>c:\users\fp\documents\visual studio 2010\projects\mastersthesis\facialfeatures\facialfeatures.cpp(122): warning C4018: '>=' : signed/unsigned mismatch
       ManifestResourceCompile:
         All outputs are up-to-date.
       Link:
         C:\Program Files (x86)\Microsoft Visual Studio 10.0\VC\bin\link.exe /ERRORREPORT:PROMPT /OUT:"C:\Users\fp\Documents\Visual Studio 2010\Projects\MastersThesis\Debug\FacialFeatures.exe" /INCREMENTAL /NOLOGO /LIBPATH:D:\OpenCV\\build\lib\Debug opencv_core231d.lib opencv_imgproc231d.lib opencv_highgui231d.lib opencv_ml231d.lib opencv_video231d.lib opencv_features2d231d.lib opencv_calib3d231d.lib opencv_objdetect231d.lib opencv_contrib231d.lib opencv_legacy231d.lib opencv_flann231d.lib kernel32.lib user32.lib gdi32.lib winspool.lib comdlg32.lib advapi32.lib shell32.lib ole32.lib oleaut32.lib uuid.lib odbc32.lib odbccp32.lib /MANIFEST /ManifestFile:"Debug\FacialFeatures.exe.intermediate.manifest" /MANIFESTUAC:"level='asInvoker' uiAccess='false'" /DEBUG /PDB:"C:\Users\fp\Documents\Visual Studio 2010\Projects\MastersThesis\Debug\FacialFeatures.pdb" /SUBSYSTEM:CONSOLE /TLBID:1 /DYNAMICBASE /NXCOMPAT /IMPLIB:"C:\Users\fp\Documents\Visual Studio 2010\Projects\MastersThesis\Debug\FacialFeatures.lib" /MACHINE:X86 Debug\FacialFeatures.exe.embed.manifest.res
         Debug\FacialFeatures.obj
       Manifest:
         C:\Program Files (x86)\Microsoft SDKs\Windows\v7.0A\bin\mt.exe /nologo /verbose /out:"Debug\FacialFeatures.exe.embed.manifest" /manifest Debug\FacialFeatures.exe.intermediate.manifest
         All outputs are up-to-date.
       LinkEmbedManifest:
         All outputs are up-to-date.
         FacialFeatures.vcxproj -> C:\Users\fp\Documents\Visual Studio 2010\Projects\MastersThesis\Debug\FacialFeatures.exe
       FinalizeBuildStatus:
         Deleting file "Debug\FacialFeatures.unsuccessfulbuild".
         Touching "Debug\FacialFeatures.lastbuildstate".
     1>Done Building Project "C:\Users\fp\Documents\Visual Studio 2010\Projects\MastersThesis\FacialFeatures\FacialFeatures.vcxproj" (build target(s)).

Build succeeded.

Time Elapsed 00:00:02.74
