Build started 2011-07-20 12:17:34.
     1>Project "C:\Users\netholik\documents\visual studio 2010\Projects\OpenCV sample\OpenCV sample\OpenCV sample.vcxproj" on node 2 (build target(s)).
     1>InitializeBuildStatus:
         Creating "Debug\OpenCV sample.unsuccessfulbuild" because "AlwaysCreate" was specified.
       ClCompile:
         All outputs are up-to-date.
         c:\Program Files (x86)\Microsoft Visual Studio 10.0\VC\bin\CL.exe /c /ZI /nologo /W3 /WX- /Od /Oy- /D WIN32 /D _DEBUG /D _CONSOLE /D _UNICODE /D UNICODE /Gm /EHsc /RTC1 /MDd /GS /fp:precise /Zc:wchar_t /Zc:forScope /Yu"StdAfx.h" /Fp"Debug\OpenCV sample.pch" /Fo"Debug\\" /Fd"Debug\vc100.pdb" /Gd /TP /analyze- /errorReport:prompt blink.cpp
         blink.cpp
       ManifestResourceCompile:
         All outputs are up-to-date.
       Link:
         c:\Program Files (x86)\Microsoft Visual Studio 10.0\VC\bin\link.exe /ERRORREPORT:PROMPT /OUT:"C:\Users\netholik\documents\visual studio 2010\Projects\OpenCV sample\Debug\OpenCV sample.exe" /INCREMENTAL /NOLOGO cv210d.lib cxcore210d.lib highgui210d.lib kernel32.lib user32.lib gdi32.lib winspool.lib comdlg32.lib advapi32.lib shell32.lib ole32.lib oleaut32.lib uuid.lib odbc32.lib odbccp32.lib /MANIFEST /ManifestFile:"Debug\OpenCV sample.exe.intermediate.manifest" /MANIFESTUAC:"level='asInvoker' uiAccess='false'" /DEBUG /PDB:"C:\Users\netholik\documents\visual studio 2010\Projects\OpenCV sample\Debug\OpenCV sample.pdb" /SUBSYSTEM:CONSOLE /TLBID:1 /DYNAMICBASE /NXCOMPAT /IMPLIB:"C:\Users\netholik\documents\visual studio 2010\Projects\OpenCV sample\Debug\OpenCV sample.lib" /MACHINE:X86 "Debug\OpenCV sample.exe.embed.manifest.res"
         Debug\blink.obj
         Debug\stdafx.obj
       Manifest:
         C:\Program Files (x86)\Microsoft SDKs\Windows\v7.0A\bin\mt.exe /nologo /verbose /out:"Debug\OpenCV sample.exe.embed.manifest" /manifest "Debug\OpenCV sample.exe.intermediate.manifest"
         All outputs are up-to-date.
       LinkEmbedManifest:
         All outputs are up-to-date.
         OpenCV sample.vcxproj -> C:\Users\netholik\documents\visual studio 2010\Projects\OpenCV sample\Debug\OpenCV sample.exe
       FinalizeBuildStatus:
         Deleting file "Debug\OpenCV sample.unsuccessfulbuild".
         Touching "Debug\OpenCV sample.lastbuildstate".
     1>Done Building Project "C:\Users\netholik\documents\visual studio 2010\Projects\OpenCV sample\OpenCV sample\OpenCV sample.vcxproj" (build target(s)).

Build succeeded.

Time Elapsed 00:00:05.92
