C:\USERS\NETHOLIK\DOCUMENTS\VISUAL STUDIO 2010\PROJECTS\OPENCV SAMPLE\DEBUG\OPENCV SAMPLE.EXE
C:\USERS\NETHOLIK\DOCUMENTS\VISUAL STUDIO 2010\PROJECTS\OPENCV SAMPLE\DEBUG\OPENCV SAMPLE.ILK
C:\USERS\NETHOLIK\DOCUMENTS\VISUAL STUDIO 2010\PROJECTS\OPENCV SAMPLE\DEBUG\OPENCV SAMPLE.PDB
C:\USERS\NETHOLIK\DOCUMENTS\VISUAL STUDIO 2010\PROJECTS\OPENCV SAMPLE\OPENCV SAMPLE\DEBUG\BLINK.OBJ
C:\Users\netholik\documents\visual studio 2010\Projects\OpenCV sample\OpenCV sample\Debug\cl.command.1.tlog
C:\Users\netholik\documents\visual studio 2010\Projects\OpenCV sample\OpenCV sample\Debug\CL.read.1.tlog
C:\Users\netholik\documents\visual studio 2010\Projects\OpenCV sample\OpenCV sample\Debug\CL.write.1.tlog
C:\Users\netholik\documents\visual studio 2010\Projects\OpenCV sample\OpenCV sample\Debug\link.1040.read.1.tlog
C:\Users\netholik\documents\visual studio 2010\Projects\OpenCV sample\OpenCV sample\Debug\link.1040.write.1.tlog
C:\Users\netholik\documents\visual studio 2010\Projects\OpenCV sample\OpenCV sample\Debug\link.1040-cvtres.read.1.tlog
C:\Users\netholik\documents\visual studio 2010\Projects\OpenCV sample\OpenCV sample\Debug\link.1040-cvtres.write.1.tlog
C:\Users\netholik\documents\visual studio 2010\Projects\OpenCV sample\OpenCV sample\Debug\link.4508.read.1.tlog
C:\Users\netholik\documents\visual studio 2010\Projects\OpenCV sample\OpenCV sample\Debug\link.4508.write.1.tlog
C:\Users\netholik\documents\visual studio 2010\Projects\OpenCV sample\OpenCV sample\Debug\link.4508-cvtres.read.1.tlog
C:\Users\netholik\documents\visual studio 2010\Projects\OpenCV sample\OpenCV sample\Debug\link.4508-cvtres.write.1.tlog
C:\Users\netholik\documents\visual studio 2010\Projects\OpenCV sample\OpenCV sample\Debug\link.6332.read.1.tlog
C:\Users\netholik\documents\visual studio 2010\Projects\OpenCV sample\OpenCV sample\Debug\link.6332.write.1.tlog
C:\Users\netholik\documents\visual studio 2010\Projects\OpenCV sample\OpenCV sample\Debug\link.6332-cvtres.read.1.tlog
C:\Users\netholik\documents\visual studio 2010\Projects\OpenCV sample\OpenCV sample\Debug\link.6332-cvtres.write.1.tlog
C:\Users\netholik\documents\visual studio 2010\Projects\OpenCV sample\OpenCV sample\Debug\link.7352.read.1.tlog
C:\Users\netholik\documents\visual studio 2010\Projects\OpenCV sample\OpenCV sample\Debug\link.7352.write.1.tlog
C:\Users\netholik\documents\visual studio 2010\Projects\OpenCV sample\OpenCV sample\Debug\link.7352-cvtres.read.1.tlog
C:\Users\netholik\documents\visual studio 2010\Projects\OpenCV sample\OpenCV sample\Debug\link.7352-cvtres.write.1.tlog
C:\Users\netholik\documents\visual studio 2010\Projects\OpenCV sample\OpenCV sample\Debug\link.8216.read.1.tlog
C:\Users\netholik\documents\visual studio 2010\Projects\OpenCV sample\OpenCV sample\Debug\link.8216.write.1.tlog
C:\Users\netholik\documents\visual studio 2010\Projects\OpenCV sample\OpenCV sample\Debug\link.8216-cvtres.read.1.tlog
C:\Users\netholik\documents\visual studio 2010\Projects\OpenCV sample\OpenCV sample\Debug\link.8216-cvtres.write.1.tlog
C:\Users\netholik\documents\visual studio 2010\Projects\OpenCV sample\OpenCV sample\Debug\link.command.1.tlog
C:\Users\netholik\documents\visual studio 2010\Projects\OpenCV sample\OpenCV sample\Debug\link.read.1.tlog
C:\Users\netholik\documents\visual studio 2010\Projects\OpenCV sample\OpenCV sample\Debug\link.write.1.tlog
C:\Users\netholik\documents\visual studio 2010\Projects\OpenCV sample\OpenCV sample\Debug\link-cvtres.read.1.tlog
C:\Users\netholik\documents\visual studio 2010\Projects\OpenCV sample\OpenCV sample\Debug\link-cvtres.write.1.tlog
C:\Users\netholik\documents\visual studio 2010\Projects\OpenCV sample\OpenCV sample\Debug\mt.command.1.tlog
C:\Users\netholik\documents\visual studio 2010\Projects\OpenCV sample\OpenCV sample\Debug\mt.read.1.tlog
C:\Users\netholik\documents\visual studio 2010\Projects\OpenCV sample\OpenCV sample\Debug\mt.write.1.tlog
C:\USERS\NETHOLIK\DOCUMENTS\VISUAL STUDIO 2010\PROJECTS\OPENCV SAMPLE\OPENCV SAMPLE\DEBUG\OPENCV SAMPLE.EXE.EMBED.MANIFEST
C:\USERS\NETHOLIK\DOCUMENTS\VISUAL STUDIO 2010\PROJECTS\OPENCV SAMPLE\OPENCV SAMPLE\DEBUG\OPENCV SAMPLE.EXE.EMBED.MANIFEST.RES
C:\USERS\NETHOLIK\DOCUMENTS\VISUAL STUDIO 2010\PROJECTS\OPENCV SAMPLE\OPENCV SAMPLE\DEBUG\OPENCV SAMPLE.EXE.INTERMEDIATE.MANIFEST
C:\USERS\NETHOLIK\DOCUMENTS\VISUAL STUDIO 2010\PROJECTS\OPENCV SAMPLE\OPENCV SAMPLE\DEBUG\OPENCV SAMPLE.PCH
C:\Users\netholik\documents\visual studio 2010\Projects\OpenCV sample\OpenCV sample\Debug\OpenCV sample_manifest.rc
C:\Users\netholik\documents\visual studio 2010\Projects\OpenCV sample\OpenCV sample\Debug\rc.command.1.tlog
C:\Users\netholik\documents\visual studio 2010\Projects\OpenCV sample\OpenCV sample\Debug\rc.read.1.tlog
C:\Users\netholik\documents\visual studio 2010\Projects\OpenCV sample\OpenCV sample\Debug\rc.write.1.tlog
C:\USERS\NETHOLIK\DOCUMENTS\VISUAL STUDIO 2010\PROJECTS\OPENCV SAMPLE\OPENCV SAMPLE\DEBUG\STDAFX.OBJ
C:\Users\netholik\documents\visual studio 2010\Projects\OpenCV sample\OpenCV sample\Debug\vc100.idb
C:\USERS\NETHOLIK\DOCUMENTS\VISUAL STUDIO 2010\PROJECTS\OPENCV SAMPLE\OPENCV SAMPLE\DEBUG\VC100.PDB
