Build started 2011-03-20 15:35:06.
     1>Project "C:\Users\netholik\Documents\Visual Studio 2010\Projects\OpenCV sample\OpenCV sample2\OpenCV sample2.vcxproj" on node 2 (rebuild target(s)).
     1>_PrepareForClean:
         Deleting file "Debug\OpenCV sample2.lastbuildstate".
       InitializeBuildStatus:
         Touching "Debug\OpenCV sample2.unsuccessfulbuild".
       ClCompile:
         C:\Program Files (x86)\Microsoft Visual Studio 10.0\VC\bin\CL.exe /c /ZI /nologo /W3 /WX- /Od /Oy- /D WIN32 /D _DEBUG /D _CONSOLE /D _UNICODE /D UNICODE /Gm /EHsc /RTC1 /MDd /GS /fp:precise /Zc:wchar_t /Zc:forScope /Yc"StdAfx.h" /Fp"Debug\OpenCV sample2.pch" /Fo"Debug\\" /Fd"Debug\vc100.pdb" /Gd /TP /analyze- /errorReport:prompt stdafx.cpp
         stdafx.cpp
         C:\Program Files (x86)\Microsoft Visual Studio 10.0\VC\bin\CL.exe /c /ZI /nologo /W3 /WX- /Od /Oy- /D WIN32 /D _DEBUG /D _CONSOLE /D _UNICODE /D UNICODE /Gm /EHsc /RTC1 /MDd /GS /fp:precise /Zc:wchar_t /Zc:forScope /Yu"StdAfx.h" /Fp"Debug\OpenCV sample2.pch" /Fo"Debug\\" /Fd"Debug\vc100.pdb" /Gd /TP /analyze- /errorReport:prompt "OpenCV sample2.cpp"
         OpenCV sample2.cpp
     1>c:\users\netholik\documents\visual studio 2010\projects\opencv sample\opencv sample2\opencv sample2.cpp(76): warning C4244: 'argument' : conversion from 'double' to 'int', possible loss of data
     1>c:\users\netholik\documents\visual studio 2010\projects\opencv sample\opencv sample2\opencv sample2.cpp(76): warning C4244: 'argument' : conversion from 'double' to 'int', possible loss of data
     1>c:\users\netholik\documents\visual studio 2010\projects\opencv sample\opencv sample2\opencv sample2.cpp(27): warning C4101: 'gray_img' : unreferenced local variable
       ManifestResourceCompile:
         C:\Program Files (x86)\Microsoft SDKs\Windows\v7.0A\bin\rc.exe /nologo /fo"Debug\OpenCV sample2.exe.embed.manifest.res" "Debug\OpenCV sample2_manifest.rc" 
       Link:
         C:\Program Files (x86)\Microsoft Visual Studio 10.0\VC\bin\link.exe /ERRORREPORT:PROMPT /OUT:"C:\Users\netholik\Documents\Visual Studio 2010\Projects\OpenCV sample\Debug\OpenCV sample2.exe" /INCREMENTAL /NOLOGO cv210d.lib cxcore210d.lib highgui210d.lib kernel32.lib user32.lib gdi32.lib winspool.lib comdlg32.lib advapi32.lib shell32.lib ole32.lib oleaut32.lib uuid.lib odbc32.lib odbccp32.lib /MANIFEST /ManifestFile:"Debug\OpenCV sample2.exe.intermediate.manifest" /MANIFESTUAC:"level='asInvoker' uiAccess='false'" /DEBUG /PDB:"C:\Users\netholik\Documents\Visual Studio 2010\Projects\OpenCV sample\Debug\OpenCV sample2.pdb" /SUBSYSTEM:CONSOLE /TLBID:1 /DYNAMICBASE /NXCOMPAT /IMPLIB:"C:\Users\netholik\Documents\Visual Studio 2010\Projects\OpenCV sample\Debug\OpenCV sample2.lib" /MACHINE:X86 "Debug\OpenCV sample2.exe.embed.manifest.res"
         "Debug\OpenCV sample2.obj"
         Debug\stdafx.obj
       Manifest:
         Deleting file "Debug\OpenCV sample2.exe.embed.manifest".
         C:\Program Files (x86)\Microsoft SDKs\Windows\v7.0A\bin\mt.exe /nologo /verbose /out:"Debug\OpenCV sample2.exe.embed.manifest" /manifest "Debug\OpenCV sample2.exe.intermediate.manifest"
         C:\Program Files (x86)\Microsoft SDKs\Windows\v7.0A\bin\rc.exe /nologo /fo"Debug\OpenCV sample2.exe.embed.manifest.res" "Debug\OpenCV sample2_manifest.rc" 
       LinkEmbedManifest:
         C:\Program Files (x86)\Microsoft Visual Studio 10.0\VC\bin\link.exe /ERRORREPORT:PROMPT /OUT:"C:\Users\netholik\Documents\Visual Studio 2010\Projects\OpenCV sample\Debug\OpenCV sample2.exe" /INCREMENTAL /NOLOGO cv210d.lib cxcore210d.lib highgui210d.lib kernel32.lib user32.lib gdi32.lib winspool.lib comdlg32.lib advapi32.lib shell32.lib ole32.lib oleaut32.lib uuid.lib odbc32.lib odbccp32.lib /MANIFEST /ManifestFile:"Debug\OpenCV sample2.exe.intermediate.manifest" /MANIFESTUAC:"level='asInvoker' uiAccess='false'" /DEBUG /PDB:"C:\Users\netholik\Documents\Visual Studio 2010\Projects\OpenCV sample\Debug\OpenCV sample2.pdb" /SUBSYSTEM:CONSOLE /TLBID:1 /DYNAMICBASE /NXCOMPAT /IMPLIB:"C:\Users\netholik\Documents\Visual Studio 2010\Projects\OpenCV sample\Debug\OpenCV sample2.lib" /MACHINE:X86 "Debug\OpenCV sample2.exe.embed.manifest.res"
         "Debug\OpenCV sample2.obj"
         Debug\stdafx.obj
         OpenCV sample2.vcxproj -> C:\Users\netholik\Documents\Visual Studio 2010\Projects\OpenCV sample\Debug\OpenCV sample2.exe
       FinalizeBuildStatus:
         Deleting file "Debug\OpenCV sample2.unsuccessfulbuild".
         Touching "Debug\OpenCV sample2.lastbuildstate".
     1>Done Building Project "C:\Users\netholik\Documents\Visual Studio 2010\Projects\OpenCV sample\OpenCV sample2\OpenCV sample2.vcxproj" (rebuild target(s)).

Build succeeded.

Time Elapsed 00:00:06.28
